<?xml version="1.0" encoding="UTF-8"?>
<testsuite name="com.css.challenge.client.KitchenManagerTest" time="1.036" tests="1" errors="0" skipped="0" failures="1">
  <properties>
[...]
</properties>
  <testcase name="testOverflowShelfDiscardsLeastFreshOrder" classname="com.css.challenge.client.KitchenManagerTest" time="1.036">
    <failure message="At least one order should have been discarded" type="java.lang.AssertionError">java.lang.AssertionError: At least one order should have been discarded
	at org.junit.Assert.fail(Assert.java:88)
	at org.junit.Assert.assertTrue(Assert.java:41)
	at com.css.challenge.client.KitchenManagerTest.testOverflowShelfDiscardsLeastFreshOrder(KitchenManagerTest.java:58)
</failure>
    <system-out><![CDATA[PLACE | cold-0
PLACE | cold-0
PLACE | cold-1
PLACE | cold-1
PLACE | cold-2
PLACE | cold-2
PLACE | cold-3
PLACE | cold-3
PLACE | cold-4
PLACE | cold-4
PLACE | cold-5
PLACE | cold-5
PLACE | cold-6
PLACE | cold-6
PLACE | cold-7
PLACE | cold-7
PLACE | cold-8
PLACE | cold-8
PLACE | cold-9
PLACE | cold-9
PLACE | cold-10
PLACE | cold-10
PLACE | cold-11
PLACE | cold-11
PLACE | cold-12
PLACE | cold-12
PLACE | cold-13
PLACE | cold-13
PLACE | cold-14
PLACE | cold-14
PLACE | cold-15
PLACE | cold-15
PLACE | cold-16
PLACE | cold-16
PLACE | cold-17
PLACE | cold-17
PLACE | cold-18
PLACE | cold-18
]]></system-out>
  </testcase>
</testsuite>